  Cursed Tomorrow.cpp
C:\Users\HP\Desktop\Cursed Tomorrow\Cursed Tomorrow.cpp(8,11): warning C4244: 'initializing': conversion from 'float' to 'int', possible loss of data
C:\Users\HP\Desktop\Cursed Tomorrow\Cursed Tomorrow.cpp(173,73): warning C4244: 'argument': conversion from 'float' to 'int', possible loss of data
C:\Users\HP\Desktop\Cursed Tomorrow\Cursed Tomorrow.cpp(173,56): warning C4244: 'argument': conversion from 'float' to 'int', possible loss of data
C:\Users\HP\Desktop\Cursed Tomorrow\Cursed Tomorrow.cpp(183,77): warning C4244: 'argument': conversion from 'float' to 'int', possible loss of data
C:\Users\HP\Desktop\Cursed Tomorrow\Cursed Tomorrow.cpp(183,60): warning C4244: 'argument': conversion from 'float' to 'int', possible loss of data
C:\Users\HP\Desktop\Cursed Tomorrow\Cursed Tomorrow.cpp(189,62): warning C4244: 'argument': conversion from 'float' to 'int', possible loss of data
C:\Users\HP\Desktop\Cursed Tomorrow\Cursed Tomorrow.cpp(189,47): warning C4244: 'argument': conversion from 'float' to 'int', possible loss of data
C:\Users\HP\Desktop\Cursed Tomorrow\Cursed Tomorrow.cpp(303,1): warning C4305: '+=': truncation from 'double' to 'float'
C:\Users\HP\Desktop\Cursed Tomorrow\Cursed Tomorrow.cpp(310,1): warning C4305: '-=': truncation from 'double' to 'float'
C:\Users\HP\Desktop\Cursed Tomorrow\Cursed Tomorrow.cpp(624,48): warning C4244: 'argument': conversion from 'float' to 'int', possible loss of data
C:\Users\HP\Desktop\Cursed Tomorrow\Cursed Tomorrow.cpp(635,46): warning C4244: 'argument': conversion from 'float' to 'int', possible loss of data
C:\Users\HP\Desktop\Cursed Tomorrow\Cursed Tomorrow.cpp(690,1): warning C4305: '=': truncation from 'double' to 'float'
C:\Users\HP\Desktop\Cursed Tomorrow\Cursed Tomorrow.cpp(738,1): warning C4305: '=': truncation from 'double' to 'float'
C:\Users\HP\Desktop\Cursed Tomorrow\Cursed Tomorrow.cpp(763,1): warning C4305: '=': truncation from 'double' to 'float'
C:\Users\HP\Desktop\Cursed Tomorrow\Cursed Tomorrow.cpp(792,1): warning C4305: '=': truncation from 'double' to 'float'
C:\Users\HP\Desktop\Cursed Tomorrow\Cursed Tomorrow.cpp(822,1): warning C4305: '=': truncation from 'double' to 'float'
C:\Users\HP\Desktop\Cursed Tomorrow\Cursed Tomorrow.cpp(847,1): warning C4305: '=': truncation from 'double' to 'float'
C:\Users\HP\Desktop\Cursed Tomorrow\Cursed Tomorrow.cpp(871,1): warning C4305: '+=': truncation from 'double' to 'float'
C:\Users\HP\Desktop\Cursed Tomorrow\Cursed Tomorrow.cpp(1050,53): warning C4305: '=': truncation from 'double' to 'float'
C:\Users\HP\Desktop\Cursed Tomorrow\Cursed Tomorrow.cpp(1052,30): warning C4244: '=': conversion from 'double' to 'int', possible loss of data
C:\Users\HP\Desktop\Cursed Tomorrow\Cursed Tomorrow.cpp(1067,53): warning C4305: '=': truncation from 'double' to 'float'
C:\Users\HP\Desktop\Cursed Tomorrow\Cursed Tomorrow.cpp(1069,30): warning C4244: '=': conversion from 'double' to 'int', possible loss of data
C:\Users\HP\Desktop\Cursed Tomorrow\Cursed Tomorrow.cpp(1085,53): warning C4305: '=': truncation from 'double' to 'float'
C:\Users\HP\Desktop\Cursed Tomorrow\Cursed Tomorrow.cpp(1087,30): warning C4244: '=': conversion from 'double' to 'int', possible loss of data
C:\Users\HP\Desktop\Cursed Tomorrow\Cursed Tomorrow.cpp(1102,53): warning C4305: '=': truncation from 'double' to 'float'
C:\Users\HP\Desktop\Cursed Tomorrow\Cursed Tomorrow.cpp(1104,30): warning C4244: '=': conversion from 'double' to 'int', possible loss of data
C:\Users\HP\Desktop\Cursed Tomorrow\Cursed Tomorrow.cpp(1119,53): warning C4305: '=': truncation from 'double' to 'float'
C:\Users\HP\Desktop\Cursed Tomorrow\Cursed Tomorrow.cpp(1121,30): warning C4244: '=': conversion from 'double' to 'int', possible loss of data
  Cursed Tomorrow.vcxproj -> C:\Users\HP\Desktop\Cursed Tomorrow\Debug\Cursed Tomorrow.exe
